[2026-06-08T09:34:59.066Z] GET file:///Users/ubeyd/Desktop/kirogluhukuk/index.html → 200 (6ms, 43215B)
[2026-06-08T09:34:59.079Z] GET https://fonts.googleapis.com/css2?family=Cormorant+Garamond:ital,wght@0,300;0,400;0,500;0,600;1,300;1,400&family=Inter:wght@300;400;500;600&display=swap → 200 (294ms, 22308B)
[2026-06-08T09:34:59.422Z] GET https://fonts.gstatic.com/s/inter/v20/UcC73FwrK3iLTeHuS_nVMrMxCp50SjIa1ZL7W0Q5nw.woff2 → 200 (390ms, 48432B)
[2026-06-08T09:34:59.423Z] GET https://fonts.gstatic.com/s/cormorantgaramond/v21/co3bmX5slCNuHLi8bLeY9MK7whWMhyjYqXtKky2F7g.woff2 → 200 (440ms, 37776B)
[2026-06-08T09:34:59.423Z] GET https://fonts.gstatic.com/s/cormorantgaramond/v21/co3ZmX5slCNuHLi8bLeY9MK7whWMhyjYrEtImSqn7B6D.woff2 → 200 (459ms, 39304B)
[2026-06-08T09:34:59.423Z] GET https://fonts.gstatic.com/s/cormorantgaramond/v21/co3ZmX5slCNuHLi8bLeY9MK7whWMhyjYrEtGmSqn7B6DxjY.woff2 → 200 (451ms, 34444B)
[2026-06-08T09:34:59.423Z] GET https://fonts.gstatic.com/s/cormorantgaramond/v21/co3bmX5slCNuHLi8bLeY9MK7whWMhyjYp3tKky2F7i6C.woff2 → 200 (439ms, 33740B)
[2026-06-08T09:34:59.423Z] GET https://fonts.gstatic.com/s/inter/v20/UcC73FwrK3iLTeHuS_nVMrMxCp50SjIa25L7W0Q5n-wU.woff2 → 200 (448ms, 85272B)
[2026-06-08T09:34:59.423Z] GET https://www.google.com/maps/embed?pb=!1m18!1m12!1m3!1d3011.5!2d28.8700!3d40.9750!2m3!1f0!2f0!3f0!3m2!1i1024!2i768!4f13.1!3m3!1m2!1s0x0%3A0x0!2zNDDCsDU4JzMwLjAiTiAyOMKwNTInMTIuMCJF!5e0!3m2!1str!2str!4v1620000000000!5m2!1str!2str → pending (?ms, ?B)
[2026-06-08T09:35:00.046Z] GET https://maps.gstatic.com/maps-api-v3/embed/js/65/3b/intl/tr_ALL/init_embed.js → 200 (329ms, 251093B)
[2026-06-08T09:35:00.046Z] GET https://maps.googleapis.com/maps/api/js?key=AIzaSyCmL18misQw9KdwqGaw3zHkitj8vG6QF2Y&paint_origin=&libraries=geometry,search&v=weekly&loading=async&language=tr&region=tr&callback=onApiLoad → 200 (326ms, 13289B)
[2026-06-08T09:35:00.375Z] GET https://maps.googleapis.com/maps-api-v3/api/js/65/3b/intl/tr_ALL/geometry.js → 200 (55ms, 6968B)
[2026-06-08T09:35:00.375Z] GET https://maps.googleapis.com/maps-api-v3/api/js/65/3b/intl/tr_ALL/search.js → 200 (48ms, 2621B)
[2026-06-08T09:35:00.375Z] GET https://maps.googleapis.com/maps-api-v3/api/js/65/3b/intl/tr_ALL/main.js → 200 (78ms, 295597B)
[2026-06-08T09:35:00.485Z] GET https://maps.googleapis.com/maps/api/mapsjs/gen_204?csp_test=true → 200 (133ms, 3B)
[2026-06-08T09:35:00.504Z] GET https://maps.googleapis.com/maps-api-v3/api/js/65/3b/intl/tr_ALL/common.js → 200 (20ms, 128181B)
[2026-06-08T09:35:00.504Z] GET https://maps.googleapis.com/maps-api-v3/api/js/65/3b/intl/tr_ALL/util.js → 200 (38ms, 317219B)
[2026-06-08T09:35:00.504Z] GET https://maps.googleapis.com/maps-api-v3/api/js/65/3b/intl/tr_ALL/map.js → 200 (44ms, 81580B)
[2026-06-08T09:35:00.504Z] GET https://maps.googleapis.com/maps-api-v3/api/js/65/3b/intl/tr_ALL/controls.js → 200 (49ms, 103266B)
[2026-06-08T09:35:00.504Z] GET https://maps.googleapis.com/maps-api-v3/api/js/65/3b/intl/tr_ALL/places_impl.js → 200 (44ms, 10727B)
[2026-06-08T09:35:00.504Z] GET https://maps.googleapis.com/maps-api-v3/api/js/65/3b/intl/tr_ALL/places.js → 200 (64ms, 429257B)
[2026-06-08T09:35:00.512Z] GET https://maps.googleapis.com/maps-api-v3/api/js/65/3b/intl/tr_ALL/onion.js → 200 (60ms, 30953B)
[2026-06-08T09:35:00.512Z] GET https://maps.googleapis.com/maps-api-v3/api/js/65/3b/intl/tr_ALL/search_impl.js → 200 (61ms, 3568B)
